<?xml version="1.0" encoding="UTF-8" ?>
<testsuite tests="2" failures="0" name="br.edu.ifsul.cc.lpoo.cv.test.TestPersistenciaJDBC" time="1.864" errors="1" skipped="0">
  <properties>
[...]
</properties>
  <testcase classname="br.edu.ifsul.cc.lpoo.cv.test.TestPersistenciaJDBC" name="testListPersistenciaMedico" time="1.293"/>
  <testcase classname="br.edu.ifsul.cc.lpoo.cv.test.TestPersistenciaJDBC" name="testPersistenciaCV" time="0.571">
    <error message="ERROR: insert or update on table &quot;tb_consulta&quot; violates foreign key constraint &quot;fke7fr3mapp7j92feenkejc1id5&quot;
  Detalhe: Key (pet_id)=(1) is not present in table &quot;tb_pet&quot;." type="org.postgresql.util.PSQLException">org.postgresql.util.PSQLException: ERROR: insert or update on table &quot;tb_consulta&quot; violates foreign key constraint &quot;fke7fr3mapp7j92feenkejc1id5&quot;
  Detalhe: Key (pet_id)=(1) is not present in table &quot;tb_pet&quot;.
	at org.postgresql.core.v3.QueryExecutorImpl.receiveErrorResponse(QueryExecutorImpl.java:2455)
	at org.postgresql.core.v3.QueryExecutorImpl.processResults(QueryExecutorImpl.java:2155)
	at org.postgresql.core.v3.QueryExecutorImpl.execute(QueryExecutorImpl.java:288)
	at org.postgresql.jdbc.PgStatement.executeInternal(PgStatement.java:430)
	at org.postgresql.jdbc.PgStatement.execute(PgStatement.java:356)
	at org.postgresql.jdbc.PgPreparedStatement.executeWithFlags(PgPreparedStatement.java:168)
	at org.postgresql.jdbc.PgPreparedStatement.executeQuery(PgPreparedStatement.java:116)
	at br.edu.ifsul.cc.lpoo.cv.model.dao.PersistenciaJDBC.persist(PersistenciaJDBC.java:226)
	at br.edu.ifsul.cc.lpoo.cv.test.TestPersistenciaJDBC.testPersistenciaCV(TestPersistenciaJDBC.java:154)
	at sun.reflect.NativeMethodAccessorImpl.invoke0(Native Method)
	at sun.reflect.NativeMethodAccessorImpl.invoke(NativeMethodAccessorImpl.java:62)
	at sun.reflect.DelegatingMethodAccessorImpl.invoke(DelegatingMethodAccessorImpl.java:43)
	at java.lang.reflect.Method.invoke(Method.java:498)
	at org.junit.runners.model.FrameworkMethod$1.runReflectiveCall(FrameworkMethod.java:47)
	at org.junit.internal.runners.model.ReflectiveCallable.run(ReflectiveCallable.java:12)
	at org.junit.runners.model.FrameworkMethod.invokeExplosively(FrameworkMethod.java:44)
	at org.junit.internal.runners.statements.InvokeMethod.evaluate(InvokeMethod.java:17)
	at org.junit.runners.ParentRunner.runLeaf(ParentRunner.java:271)
	at org.junit.runners.BlockJUnit4ClassRunner.runChild(BlockJUnit4ClassRunner.java:70)
	at org.junit.runners.BlockJUnit4ClassRunner.runChild(BlockJUnit4ClassRunner.java:50)
	at org.junit.runners.ParentRunner$3.run(ParentRunner.java:238)
	at org.junit.runners.ParentRunner$1.schedule(ParentRunner.java:63)
	at org.junit.runners.ParentRunner.runChildren(ParentRunner.java:236)
	at org.junit.runners.ParentRunner.access$000(ParentRunner.java:53)
	at org.junit.runners.ParentRunner$2.evaluate(ParentRunner.java:229)
	at org.junit.runners.ParentRunner.run(ParentRunner.java:309)
	at org.apache.maven.surefire.junit4.JUnit4Provider.execute(JUnit4Provider.java:252)
	at org.apache.maven.surefire.junit4.JUnit4Provider.executeTestSet(JUnit4Provider.java:141)
	at org.apache.maven.surefire.junit4.JUnit4Provider.invoke(JUnit4Provider.java:112)
	at sun.reflect.NativeMethodAccessorImpl.invoke0(Native Method)
	at sun.reflect.NativeMethodAccessorImpl.invoke(NativeMethodAccessorImpl.java:62)
	at sun.reflect.DelegatingMethodAccessorImpl.invoke(DelegatingMethodAccessorImpl.java:43)
	at java.lang.reflect.Method.invoke(Method.java:498)
	at org.apache.maven.surefire.util.ReflectionUtils.invokeMethodWithArray(ReflectionUtils.java:189)
	at org.apache.maven.surefire.booter.ProviderFactory$ProviderProxy.invoke(ProviderFactory.java:165)
	at org.apache.maven.surefire.booter.ProviderFactory.invokeProvider(ProviderFactory.java:85)
	at org.apache.maven.surefire.booter.ForkedBooter.runSuitesInProcess(ForkedBooter.java:115)
	at org.apache.maven.surefire.booter.ForkedBooter.main(ForkedBooter.java:75)
</error>
    <system-out>Tentando estabelecer conexao JDBC com : jdbc:postgresql://localhost:5432/DarianMello_Trabalho_LPOO_CV ...

Nenhum MÃ©dico foi encontrado! 
1Âº Medico inserido: Pedro da Silva
2Â° Medico inserido: Joana Ramos

Nenhuma Consulta foi encontrada! 
</system-out>
  </testcase>
</testsuite>